<?xml version="1.0" encoding="UTF-8"?>
<testsuite name="ExamTest" tests="28" skipped="0" failures="0" errors="0" timestamp="2023-02-23T04:55:54" hostname="DESKTOP-IGPV3M6" time="15.116">
  <properties/>
  <testcase name="Latihan 1" classname="ExamTest" time="0.013"/>
  <testcase name="Latihan 1" classname="ExamTest" time="0.001"/>
  <testcase name="Latihan 1" classname="ExamTest" time="0.0"/>
  <testcase name="Latihan 1" classname="ExamTest" time="0.0"/>
  <testcase name="Latihan 1" classname="ExamTest" time="0.0"/>
  <testcase name="Latihan 1" classname="ExamTest" time="0.0"/>
  <testcase name="Latihan 1" classname="ExamTest" time="0.001"/>
  <testcase name="Latihan 1" classname="ExamTest" time="0.0"/>
  <testcase name="Latihan 1" classname="ExamTest" time="0.0"/>
  <testcase name="Latihan 1" classname="ExamTest" time="0.0"/>
  <testcase name="Latihan 2" classname="ExamTest" time="0.001"/>
  <testcase name="Latihan 2" classname="ExamTest" time="0.001"/>
  <testcase name="Latihan 2" classname="ExamTest" time="0.001"/>
  <testcase name="Latihan 3" classname="ExamTest" time="0.001"/>
  <testcase name="Latihan 3" classname="ExamTest" time="0.0"/>
  <testcase name="Latihan 3" classname="ExamTest" time="0.0"/>
  <testcase name="Latihan 3" classname="ExamTest" time="0.0"/>
  <testcase name="Latihan 3" classname="ExamTest" time="0.0"/>
  <testcase name="Latihan 4" classname="ExamTest" time="0.001"/>
  <testcase name="Latihan 4" classname="ExamTest" time="0.0"/>
  <testcase name="Latihan 4" classname="ExamTest" time="0.001"/>
  <testcase name="Latihan 4" classname="ExamTest" time="0.0"/>
  <testcase name="Latihan 5" classname="ExamTest" time="3.012"/>
  <testcase name="Latihan 5" classname="ExamTest" time="3.007"/>
  <testcase name="Latihan 5" classname="ExamTest" time="3.018"/>
  <testcase name="Latihan 5" classname="ExamTest" time="2.016"/>
  <testcase name="Latihan 5" classname="ExamTest" time="2.018"/>
  <testcase name="Latihan 5" classname="ExamTest" time="2.017"/>
  <system-out><![CDATA[]]></system-out>
  <system-err><![CDATA[]]></system-err>
</testsuite>
